[debug] [2022-06-04T02:58:58.608Z] ----------------------------------------------------------------------
[debug] [2022-06-04T02:58:58.610Z] Command:       C:\Program Files\nodejs\node.exe C:\Users\Abdullah Sakib\AppData\Roaming\npm\node_modules\firebase-tools\lib\bin\firebase.js init
[debug] [2022-06-04T02:58:58.610Z] CLI Version:   11.0.1
[debug] [2022-06-04T02:58:58.610Z] Platform:      win32
[debug] [2022-06-04T02:58:58.610Z] Node Version:  v16.8.0
[debug] [2022-06-04T02:58:58.611Z] Time:          Sat Jun 04 2022 08:58:58 GMT+0600 (Bangladesh Standard Time)
[debug] [2022-06-04T02:58:58.611Z] ----------------------------------------------------------------------
[debug] 
[debug] [2022-06-04T02:58:58.618Z] > command requires scopes: ["email","openid","https://www.googleapis.com/auth/cloudplatformprojects.readonly","https://www.googleapis.com/auth/firebase","https://www.googleapis.com/auth/cloud-platform"]
[debug] [2022-06-04T02:58:58.618Z] > authorizing via signed-in user (mdabdullahsakib124@gmail.com)
[info] 
     ######## #### ########  ######## ########     ###     ######  ########
     ##        ##  ##     ## ##       ##     ##  ##   ##  ##       ##
     ######    ##  ########  ######   ########  #########  ######  ######
     ##        ##  ##    ##  ##       ##     ## ##     ##       ## ##
     ##       #### ##     ## ######## ########  ##     ##  ######  ########

You're about to initialize a Firebase project in this directory:

  D:\portfolio\tinder\tinder

[info] 
=== Project Setup
[info] 
[info] First, let's associate this project directory with a Firebase project.
[info] You can create multiple project aliases by running firebase use --add, 
[info] but for now we'll just set up a default project.
[info] 
[debug] [2022-06-04T02:59:13.751Z] >>> [apiv2][query] GET https://firebase.googleapis.com/v1beta1/projects pageSize=100
[debug] [2022-06-04T02:59:14.516Z] <<< [apiv2][status] GET https://firebase.googleapis.com/v1beta1/projects 200
[debug] [2022-06-04T02:59:14.516Z] <<< [apiv2][body] GET https://firebase.googleapis.com/v1beta1/projects [omitted]
[info] i  Using project tinder-clone-def6a (tinder-clone) 
[info] 
=== Hosting Setup
[info] 
[info] Your public directory is the folder (relative to your project directory) that
[info] will contain Hosting assets to be uploaded with firebase deploy. If you
[info] have a build process for your assets, use your build's output directory.
[info] 
[debug] [2022-06-04T03:02:52.492Z] >>> [apiv2][query] GET https://www.gstatic.com/firebasejs/releases.json [none]
[debug] [2022-06-04T03:02:52.708Z] <<< [apiv2][status] GET https://www.gstatic.com/firebasejs/releases.json 200
[debug] [2022-06-04T03:02:52.709Z] <<< [apiv2][body] GET https://www.gstatic.com/firebasejs/releases.json {"current":{"version":"9.8.2","browserURL":"https://www.gstatic.com/firebasejs/9.8.2/firebase.js","packageURL":"https://www.gstatic.com/firebasejs/9.8.2/firebase.tgz"},"live":{"version":"9.8","browserURL":"https://www.gstatic.com/firebasejs/live/9.8/firebase.js","packageURL":"https://www.gstatic.com/firebasejs/live/9.8/firebase.tgz"},"components":{"analytics":"https://www.gstatic.com/firebasejs/9.8.2/firebase-analytics.js","app":"https://www.gstatic.com/firebasejs/9.8.2/firebase-app.js","app-check":"https://www.gstatic.com/firebasejs/9.8.2/firebase-app-check.js","auth":"https://www.gstatic.com/firebasejs/9.8.2/firebase-auth.js","auth/cordova":"https://www.gstatic.com/firebasejs/9.8.2/firebase-auth/cordova.js","auth/react-native":"https://www.gstatic.com/firebasejs/9.8.2/firebase-auth/react-native.js","functions":"https://www.gstatic.com/firebasejs/9.8.2/firebase-functions.js","firestore":"https://www.gstatic.com/firebasejs/9.8.2/firebase-firestore.js","firestore/lite":"https://www.gstatic.com/firebasejs/9.8.2/firebase-firestore/lite.js","storage":"https://www.gstatic.com/firebasejs/9.8.2/firebase-storage.js","performance":"https://www.gstatic.com/firebasejs/9.8.2/firebase-performance.js","remote-config":"https://www.gstatic.com/firebasejs/9.8.2/firebase-remote-config.js","messaging":"https://www.gstatic.com/firebasejs/9.8.2/firebase-messaging.js","messaging/sw":"https://www.gstatic.com/firebasejs/9.8.2/firebase-messaging/sw.js","database":"https://www.gstatic.com/firebasejs/9.8.2/firebase-database.js","firestore.memory":"https://www.gstatic.com/firebasejs/9.8.2/firebase-firestore.memory.js"}}
[info] +  Wrote build/index.html 
[info] 
[info] i  Detected a .git folder at D:\portfolio\tinder\tinder 
[info] i  Authorizing with GitHub to upload your service account to a GitHub repository's secrets store. 
[info] 
[info] Visit this URL on this device to log in:
[info] https://github.com/login/oauth/authorize?client_id=89cf50f02ac6aaed3484&state=20717484&redirect_uri=http%3A%2F%2Flocalhost%3A9005&scope=read%3Auser%20repo%20public_repo
[info] 
[info] Waiting for authentication...
[debug] [2022-06-04T03:03:04.790Z] >>> HTTP REQUEST POST https://github.com/login/oauth/access_token  
 {"client_id":"89cf50f02ac6aaed3484","client_secret":"3330d14abc895d9a74d5f17cd7a00711fa2c5bf0","code":"aaa3eeca1e314cc3af1e","redirect_uri":"http://localhost:9005","state":"20717484"}
[debug] [2022-06-04T03:03:05.563Z] <<< HTTP RESPONSE 200 {"server":"GitHub.com","date":"Sat, 04 Jun 2022 03:03:04 GMT","content-type":"application/json; charset=utf-8","transfer-encoding":"chunked","vary":"X-PJAX, X-PJAX-Container, Turbo-Visit, Turbo-Frame, Accept-Encoding, Accept, X-Requested-With","permissions-policy":"interest-cohort=()","etag":"W/\"af7f7787fab955afef029cb3394d91c4\"","cache-control":"max-age=0, private, must-revalidate","strict-transport-security":"max-age=31536000; includeSubdomains; preload","x-frame-options":"deny","x-content-type-options":"nosniff","x-xss-protection":"0","referrer-policy":"origin-when-cross-origin, strict-origin-when-cross-origin","expect-ct":"max-age=2592000, report-uri=\"https://api.github.com/_private/browser/errors\"","content-security-policy":"default-src 'none'; base-uri 'self'; block-all-mixed-content; child-src github.com/assets-cdn/worker/ gist.github.com/assets-cdn/worker/; connect-src 'self' uploads.github.com objects-origin.githubusercontent.com www.githubstatus.com collector.github.com raw.githubusercontent.com api.github.com github-cloud.s3.amazonaws.com github-production-repository-file-5c1aeb.s3.amazonaws.com github-production-upload-manifest-file-7fdce7.s3.amazonaws.com github-production-user-asset-6210df.s3.amazonaws.com cdn.optimizely.com logx.optimizely.com/v1/events *.actions.githubusercontent.com wss://*.actions.githubusercontent.com online.visualstudio.com/api/v1/locations github-production-repository-image-32fea6.s3.amazonaws.com github-production-release-asset-2e65be.s3.amazonaws.com insights.github.com wss://alive.github.com; font-src github.githubassets.com; form-action 'self' github.com gist.github.com objects-origin.githubusercontent.com; frame-ancestors 'none'; frame-src render.githubusercontent.com viewscreen.githubusercontent.com notebooks.githubusercontent.com; img-src 'self' data: github.githubassets.com identicons.github.com github-cloud.s3.amazonaws.com secured-user-images.githubusercontent.com/ github-production-user-asset-6210df.s3.amazonaws.com *.githubusercontent.com; manifest-src 'self'; media-src github.com user-images.githubusercontent.com/; script-src github.githubassets.com; style-src 'unsafe-inline' github.githubassets.com; worker-src github.com/assets-cdn/worker/ gist.github.com/assets-cdn/worker/","x-github-request-id":"E88A:689B:45284:74425:629ACB68"}
[debug] [2022-06-04T03:03:05.593Z] >>> [apiv2][query] GET https://api.github.com/user [none]
[debug] [2022-06-04T03:03:06.136Z] <<< [apiv2][status] GET https://api.github.com/user 200
[debug] [2022-06-04T03:03:06.136Z] <<< [apiv2][body] GET https://api.github.com/user {"login":"abdullah-124","id":81410424,"node_id":"MDQ6VXNlcjgxNDEwNDI0","avatar_url":"https://avatars.githubusercontent.com/u/81410424?v=4","gravatar_id":"","url":"https://api.github.com/users/abdullah-124","html_url":"https://github.com/abdullah-124","followers_url":"https://api.github.com/users/abdullah-124/followers","following_url":"https://api.github.com/users/abdullah-124/following{/other_user}","gists_url":"https://api.github.com/users/abdullah-124/gists{/gist_id}","starred_url":"https://api.github.com/users/abdullah-124/starred{/owner}{/repo}","subscriptions_url":"https://api.github.com/users/abdullah-124/subscriptions","organizations_url":"https://api.github.com/users/abdullah-124/orgs","repos_url":"https://api.github.com/users/abdullah-124/repos","events_url":"https://api.github.com/users/abdullah-124/events{/privacy}","received_events_url":"https://api.github.com/users/abdullah-124/received_events","type":"User","site_admin":false,"name":"Md. Abdullah Sakib","company":null,"blog":"","location":"bangladesh","email":null,"hireable":null,"bio":"Student || Javascript || MERN Stack","twitter_username":null,"public_repos":34,"public_gists":0,"followers":1,"following":12,"created_at":"2021-03-26T08:15:50Z","updated_at":"2022-04-09T04:44:20Z","private_gists":0,"total_private_repos":0,"owned_private_repos":0,"disk_usage":72886,"collaborators":0,"two_factor_authentication":false,"plan":{"name":"free","space":976562499,"collaborators":0,"private_repos":10000}}
[info] 
[info] +  Success! Logged into GitHub as abdullah-124 
[info] 
[debug] [2022-06-04T03:03:50.557Z] >>> [apiv2][query] GET https://api.github.com/repos/abdullah-124/tinder-clone/actions/secrets/public-key type=owner
[debug] [2022-06-04T03:03:51.072Z] <<< [apiv2][status] GET https://api.github.com/repos/abdullah-124/tinder-clone/actions/secrets/public-key 404
[debug] [2022-06-04T03:03:51.072Z] <<< [apiv2][body] GET https://api.github.com/repos/abdullah-124/tinder-clone/actions/secrets/public-key {"message":"Not Found","documentation_url":"https://docs.github.com/rest/reference/actions#get-a-repository-public-key"}
[debug] [2022-06-04T03:03:54.540Z] >>> [apiv2][query] GET https://api.github.com/repos/abdullah-124/tinder-clone/actions/secrets/public-key type=owner
[debug] [2022-06-04T03:03:55.023Z] <<< [apiv2][status] GET https://api.github.com/repos/abdullah-124/tinder-clone/actions/secrets/public-key 404
[debug] [2022-06-04T03:03:55.024Z] <<< [apiv2][body] GET https://api.github.com/repos/abdullah-124/tinder-clone/actions/secrets/public-key {"message":"Not Found","documentation_url":"https://docs.github.com/rest/reference/actions#get-a-repository-public-key"}
[debug] [2022-06-04T03:04:04.476Z] >>> [apiv2][query] GET https://api.github.com/repos/tinder-clone/actions/secrets/public-key type=owner
[debug] [2022-06-04T03:04:05.012Z] <<< [apiv2][status] GET https://api.github.com/repos/tinder-clone/actions/secrets/public-key 404
[debug] [2022-06-04T03:04:05.013Z] <<< [apiv2][body] GET https://api.github.com/repos/tinder-clone/actions/secrets/public-key {"message":"Not Found","documentation_url":"https://docs.github.com/rest"}
[debug] [2022-06-04T03:05:59.148Z] >>> [apiv2][query] GET https://api.github.com/repos/abdullah-124/tinder-clone/actions/secrets/public-key type=owner
[debug] [2022-06-04T03:05:59.696Z] <<< [apiv2][status] GET https://api.github.com/repos/abdullah-124/tinder-clone/actions/secrets/public-key 404
[debug] [2022-06-04T03:05:59.697Z] <<< [apiv2][body] GET https://api.github.com/repos/abdullah-124/tinder-clone/actions/secrets/public-key {"message":"Not Found","documentation_url":"https://docs.github.com/rest/reference/actions#get-a-repository-public-key"}
[debug] [2022-06-04T03:06:00.884Z] >>> [apiv2][query] GET https://api.github.com/repos/abdullah-124/tinder-clone/actions/secrets/public-key type=owner
[debug] [2022-06-04T03:06:01.325Z] <<< [apiv2][status] GET https://api.github.com/repos/abdullah-124/tinder-clone/actions/secrets/public-key 404
[debug] [2022-06-04T03:06:01.326Z] <<< [apiv2][body] GET https://api.github.com/repos/abdullah-124/tinder-clone/actions/secrets/public-key {"message":"Not Found","documentation_url":"https://docs.github.com/rest/reference/actions#get-a-repository-public-key"}
[debug] [2022-06-04T03:06:02.140Z] >>> [apiv2][query] GET https://api.github.com/repos/abdullah-124/tinder-clone/actions/secrets/public-key type=owner
[debug] [2022-06-04T03:06:02.308Z] >>> [apiv2][query] GET https://api.github.com/repos//actions/secrets/public-key type=owner
[debug] [2022-06-04T03:06:02.656Z] <<< [apiv2][status] GET https://api.github.com/repos/abdullah-124/tinder-clone/actions/secrets/public-key 404
[debug] [2022-06-04T03:06:02.656Z] <<< [apiv2][body] GET https://api.github.com/repos/abdullah-124/tinder-clone/actions/secrets/public-key {"message":"Not Found","documentation_url":"https://docs.github.com/rest/reference/actions#get-a-repository-public-key"}
[debug] [2022-06-04T03:06:02.753Z] <<< [apiv2][status] GET https://api.github.com/repos//actions/secrets/public-key 404
[debug] [2022-06-04T03:06:02.753Z] <<< [apiv2][body] GET https://api.github.com/repos//actions/secrets/public-key {"message":"Not Found","documentation_url":"https://docs.github.com/rest"}
[debug] [2022-06-04T03:06:03.404Z] >>> [apiv2][query] GET https://api.github.com/repos/ abdullah-124/tinder-clone/actions/secrets/public-key type=owner
[debug] [2022-06-04T03:06:03.597Z] >>> [apiv2][query] GET https://api.github.com/repos//actions/secrets/public-key type=owner
[debug] [2022-06-04T03:06:03.788Z] >>> [apiv2][query] GET https://api.github.com/repos//actions/secrets/public-key type=owner
[debug] [2022-06-04T03:06:03.852Z] <<< [apiv2][status] GET https://api.github.com/repos/ abdullah-124/tinder-clone/actions/secrets/public-key 404
[debug] [2022-06-04T03:06:03.853Z] <<< [apiv2][body] GET https://api.github.com/repos/ abdullah-124/tinder-clone/actions/secrets/public-key {"message":"Not Found","documentation_url":"https://docs.github.com/rest/reference/actions#get-a-repository-public-key"}
[debug] [2022-06-04T03:06:03.940Z] >>> [apiv2][query] GET https://api.github.com/repos/ abdullah-124/tinder-clone/actions/secrets/public-key type=owner
[debug] [2022-06-04T03:06:04.033Z] <<< [apiv2][status] GET https://api.github.com/repos//actions/secrets/public-key 404
[debug] [2022-06-04T03:06:04.034Z] <<< [apiv2][body] GET https://api.github.com/repos//actions/secrets/public-key {"message":"Not Found","documentation_url":"https://docs.github.com/rest"}
[debug] [2022-06-04T03:06:04.148Z] >>> [apiv2][query] GET https://api.github.com/repos//actions/secrets/public-key type=owner
[debug] [2022-06-04T03:06:04.213Z] <<< [apiv2][status] GET https://api.github.com/repos//actions/secrets/public-key 404
[debug] [2022-06-04T03:06:04.213Z] <<< [apiv2][body] GET https://api.github.com/repos//actions/secrets/public-key {"message":"Not Found","documentation_url":"https://docs.github.com/rest"}
[debug] [2022-06-04T03:06:04.386Z] <<< [apiv2][status] GET https://api.github.com/repos/ abdullah-124/tinder-clone/actions/secrets/public-key 404
[debug] [2022-06-04T03:06:04.386Z] <<< [apiv2][body] GET https://api.github.com/repos/ abdullah-124/tinder-clone/actions/secrets/public-key {"message":"Not Found","documentation_url":"https://docs.github.com/rest/reference/actions#get-a-repository-public-key"}
[debug] [2022-06-04T03:06:04.573Z] <<< [apiv2][status] GET https://api.github.com/repos//actions/secrets/public-key 404
[debug] [2022-06-04T03:06:04.573Z] <<< [apiv2][body] GET https://api.github.com/repos//actions/secrets/public-key {"message":"Not Found","documentation_url":"https://docs.github.com/rest"}
[debug] [2022-06-04T03:06:11.907Z] >>> [apiv2][query] GET https://api.github.com/repos/n/actions/secrets/public-key type=owner
[debug] [2022-06-04T03:06:12.358Z] <<< [apiv2][status] GET https://api.github.com/repos/n/actions/secrets/public-key 404
[debug] [2022-06-04T03:06:12.359Z] <<< [apiv2][body] GET https://api.github.com/repos/n/actions/secrets/public-key {"message":"Not Found","documentation_url":"https://docs.github.com/rest"}
[debug] [2022-06-04T03:06:16.076Z] >>> [apiv2][query] GET https://api.github.com/repos/cls/actions/secrets/public-key type=owner
[debug] [2022-06-04T03:06:16.552Z] <<< [apiv2][status] GET https://api.github.com/repos/cls/actions/secrets/public-key 404
[debug] [2022-06-04T03:06:16.553Z] <<< [apiv2][body] GET https://api.github.com/repos/cls/actions/secrets/public-key {"message":"Not Found","documentation_url":"https://docs.github.com/rest"}
[debug] [2022-06-04T03:06:36.211Z] ----------------------------------------------------------------------
[debug] [2022-06-04T03:06:36.213Z] Command:       C:\Program Files\nodejs\node.exe C:\Users\Abdullah Sakib\AppData\Roaming\npm\node_modules\firebase-tools\lib\bin\firebase.js init
[debug] [2022-06-04T03:06:36.213Z] CLI Version:   11.0.1
[debug] [2022-06-04T03:06:36.213Z] Platform:      win32
[debug] [2022-06-04T03:06:36.213Z] Node Version:  v16.8.0
[debug] [2022-06-04T03:06:36.214Z] Time:          Sat Jun 04 2022 09:06:36 GMT+0600 (Bangladesh Standard Time)
[debug] [2022-06-04T03:06:36.214Z] ----------------------------------------------------------------------
[debug] 
[debug] [2022-06-04T03:06:36.223Z] > command requires scopes: ["email","openid","https://www.googleapis.com/auth/cloudplatformprojects.readonly","https://www.googleapis.com/auth/firebase","https://www.googleapis.com/auth/cloud-platform"]
[debug] [2022-06-04T03:06:36.223Z] > authorizing via signed-in user (mdabdullahsakib124@gmail.com)
[info] 
     ######## #### ########  ######## ########     ###     ######  ########
     ##        ##  ##     ## ##       ##     ##  ##   ##  ##       ##
     ######    ##  ########  ######   ########  #########  ######  ######
     ##        ##  ##    ##  ##       ##     ## ##     ##       ## ##
     ##       #### ##     ## ######## ########  ##     ##  ######  ########

You're about to initialize a Firebase project in this directory:

  D:\portfolio\tinder\tinder

